<?xml version="1.0" encoding="UTF-8"?>
<testng-results ignored="0" total="2" passed="2" failed="0" skipped="0">
  <reporter-output>
  </reporter-output>
  <suite started-at="2023-05-24T22:42:15 EET" name="Surefire suite" finished-at="2023-05-24T22:42:15 EET" duration-ms="57">
    <groups>
    </groups>
    <test started-at="2023-05-24T22:42:15 EET" name="Surefire test" finished-at="2023-05-24T22:42:15 EET" duration-ms="57">
      <class name="ITI.automation.TestCalculator">
        <test-method is-config="true" signature="Setup()[pri:0, instance:ITI.automation.TestCalculator@61dd025]" started-at="2023-05-24T22:42:15 EET" name="Setup" finished-at="2023-05-24T22:42:15 EET" duration-ms="18" status="PASS">
          <reporter-output>
          </reporter-output>
        </test-method> <!-- Setup -->
        <test-method signature="testAdd()[pri:0, instance:ITI.automation.TestCalculator@61dd025]" started-at="2023-05-24T22:42:15 EET" name="testAdd" finished-at="2023-05-24T22:42:15 EET" duration-ms="5" status="PASS">
          <reporter-output>
          </reporter-output>
        </test-method> <!-- testAdd -->
        <test-method signature="testSub()[pri:0, instance:ITI.automation.TestCalculator@61dd025]" started-at="2023-05-24T22:42:15 EET" name="testSub" finished-at="2023-05-24T22:42:15 EET" duration-ms="1" status="PASS">
          <reporter-output>
          </reporter-output>
        </test-method> <!-- testSub -->
        <test-method is-config="true" signature="Setup()[pri:0, instance:ITI.automation.TestCalculator@61dd025]" started-at="2023-05-24T22:42:15 EET" name="Setup" finished-at="2023-05-24T22:42:15 EET" duration-ms="0" status="PASS">
          <reporter-output>
          </reporter-output>
        </test-method> <!-- Setup -->
      </class> <!-- ITI.automation.TestCalculator -->
    </test> <!-- Surefire test -->
  </suite> <!-- Surefire suite -->
</testng-results>
